<?xml version="1.0" encoding="UTF-8"?>
<!-- Generated by org.testng.reporters.JUnitReportReporter -->
<testsuite hostname="DESKTOP-99P843S" failures="0" tests="3" name="com.villeos.Villeos_Web_app.Base_class" time="98.102" errors="0" timestamp="2023-08-15T21:35:22 IST" skipped="0">
  <testcase classname="com.villeos.Villeos_Web_app.Base_class" name="setup2" time="37.705"/>
  <testcase classname="com.villeos.Villeos_Web_app.Base_class" name="setup3" time="42.957"/>
  <testcase classname="com.villeos.Villeos_Web_app.Base_class" name="Setup1" time="17.440"/>
</testsuite> <!-- com.villeos.Villeos_Web_app.Base_class -->
