<?xml version="1.0" encoding="UTF-8"?>
<!-- Generated by org.testng.reporters.JUnitReportReporter -->
<testsuite hostname="DESKTOP-99P843S" failures="0" tests="3" name="com.villeos.Villeos_Web_app.Base_class" time="58.316" errors="0" timestamp="2023-08-09T16:50:35 IST" skipped="0">
  <testcase classname="com.villeos.Villeos_Web_app.Base_class" name="setup3" time="28.738"/>
  <testcase classname="com.villeos.Villeos_Web_app.Base_class" name="setup2" time="20.041"/>
  <testcase classname="com.villeos.Villeos_Web_app.Base_class" name="Setup1" time="9.537"/>
</testsuite> <!-- com.villeos.Villeos_Web_app.Base_class -->
