<?xml version="1.0" encoding="UTF-8"?>
<!-- Generated by org.testng.reporters.JUnitReportReporter -->
<testsuite hostname="DESKTOP-99P843S" failures="0" tests="3" name="com.villeos.Villeos_Web_app.Base_class" time="92.387" errors="0" timestamp="2023-08-10T20:29:08 IST" skipped="0">
  <testcase classname="com.villeos.Villeos_Web_app.Base_class" name="Setup1" time="40.940"/>
  <testcase classname="com.villeos.Villeos_Web_app.Base_class" name="setup2" time="30.626"/>
  <testcase classname="com.villeos.Villeos_Web_app.Base_class" name="setup3" time="20.821"/>
</testsuite> <!-- com.villeos.Villeos_Web_app.Base_class -->
