<?xml version="1.0" encoding="UTF-8"?>
<!-- Generated by org.testng.reporters.JUnitReportReporter -->
<testsuite hostname="DESKTOP-99P843S" failures="0" tests="3" name="com.villeos.Villeos_Web_app.Base_class" time="71.367" errors="0" timestamp="2023-08-11T10:07:53 IST" skipped="0">
  <testcase classname="com.villeos.Villeos_Web_app.Base_class" name="setup3" time="24.930"/>
  <testcase classname="com.villeos.Villeos_Web_app.Base_class" name="Setup1" time="11.302"/>
  <testcase classname="com.villeos.Villeos_Web_app.Base_class" name="setup2" time="35.135"/>
</testsuite> <!-- com.villeos.Villeos_Web_app.Base_class -->
