<?xml version="1.0" encoding="UTF-8"?>
<!-- Generated by org.testng.reporters.JUnitReportReporter -->
<testsuite hostname="DESKTOP-99P843S" failures="0" tests="3" name="com.villeos.Villeos_Web_app.Base_class" time="36.264" errors="0" timestamp="2023-08-11T15:31:05 IST" skipped="0">
  <testcase classname="com.villeos.Villeos_Web_app.Base_class" name="setup2" time="13.385"/>
  <testcase classname="com.villeos.Villeos_Web_app.Base_class" name="Setup1" time="9.786"/>
  <testcase classname="com.villeos.Villeos_Web_app.Base_class" name="setup3" time="13.093"/>
</testsuite> <!-- com.villeos.Villeos_Web_app.Base_class -->
